# JRE version: Java(TM) SE Runtime Environment (23.0.1+11) (build 23.0.1+11-39)
# Java VM: Java HotSpot(TM) 64-Bit Server VM (23.0.1+11-39, mixed mode, emulated-client, sharing, tiered, compressed oops, compressed class ptrs, g1 gc, windows-amd64)
GC Precious Log:
 CardTable entry size: 512
 Card Set container configuration: InlinePtr #cards 4 size 8 Array Of Cards #cards 32 size 80 Howl #buckets 8 coarsen threshold 7372 Howl Bitmap #cards 1024 size 144 coarsen threshold 921 Card regions per heap region 1 cards per card region 8192
 CPUs: 8 total, 8 available
 Memory: 22466M
 Large Page Support: Disabled
 NUMA Support: Disabled
 Compressed Oops: Enabled (Zero based)
 Heap Region Size: 4M
 Heap Min Capacity: 8M
 Heap Initial Capacity: 352M
 Heap Max Capacity: 5620M
 Pre-touch: Disabled
 Parallel Workers: 8
 Concurrent Workers: 2
 Concurrent Refinement Workers: 8
 Periodic GC: Disabled
Heap:
 garbage-first heap   total reserved 5754880K, committed 57344K, used 40815K [0x00000006a0c00000, 0x0000000800000000)
  region size 4096K, 7 young (28672K), 1 survivors (4096K)
 Metaspace       used 28421K, committed 28928K, reserved 1114112K
  class space    used 4074K, committed 4288K, reserved 1048576K
GC Heap History (11 events):
Event: 1.103 GC heap before
{Heap before GC invocations=0 (full 0):
 garbage-first heap   total reserved 5754880K, committed 360448K, used 20480K [0x00000006a0c00000, 0x0000000800000000)
  region size 4096K, 6 young (24576K), 0 survivors (0K)
 Metaspace       used 6492K, committed 6784K, reserved 1114112K
  class space    used 822K, committed 960K, reserved 1048576K
}
Event: 1.110 GC heap after
{Heap after GC invocations=1 (full 0):
 garbage-first heap   total reserved 5754880K, committed 360448K, used 7437K [0x00000006a0c00000, 0x0000000800000000)
  region size 4096K, 1 young (4096K), 1 survivors (4096K)
 Metaspace       used 6492K, committed 6784K, reserved 1114112K
  class space    used 822K, committed 960K, reserved 1048576K
}
Event: 1.829 GC heap before
{Heap before GC invocations=1 (full 0):
 garbage-first heap   total reserved 5754880K, committed 360448K, used 27917K [0x00000006a0c00000, 0x0000000800000000)
  region size 4096K, 6 young (24576K), 1 survivors (4096K)
 Metaspace       used 10136K, committed 10432K, reserved 1114112K
  class space    used 1364K, committed 1472K, reserved 1048576K
}
Event: 1.833 GC heap after
{Heap after GC invocations=2 (full 0):
 garbage-first heap   total reserved 5754880K, committed 360448K, used 9423K [0x00000006a0c00000, 0x0000000800000000)
  region size 4096K, 1 young (4096K), 1 survivors (4096K)
 Metaspace       used 10136K, committed 10432K, reserved 1114112K
  class space    used 1364K, committed 1472K, reserved 1048576K
}
Event: 2.947 GC heap before
{Heap before GC invocations=2 (full 0):
 garbage-first heap   total reserved 5754880K, committed 360448K, used 50383K [0x00000006a0c00000, 0x0000000800000000)
  region size 4096K, 13 young (53248K), 1 survivors (4096K)
 Metaspace       used 21143K, committed 21504K, reserved 1114112K
  class space    used 2893K, committed 3072K, reserved 1048576K
}
Event: 2.953 GC heap after
{Heap after GC invocations=3 (full 0):
 garbage-first heap   total reserved 5754880K, committed 360448K, used 13423K [0x00000006a0c00000, 0x0000000800000000)
  region size 4096K, 2 young (8192K), 2 survivors (8192K)
 Metaspace       used 21143K, committed 21504K, reserved 1114112K
  class space    used 2893K, committed 3072K, reserved 1048576K
}
Event: 3.778 GC heap before
{Heap before GC invocations=4 (full 0):
 garbage-first heap   total reserved 5754880K, committed 57344K, used 37999K [0x00000006a0c00000, 0x0000000800000000)
  region size 4096K, 8 young (32768K), 2 survivors (8192K)
 Metaspace       used 22424K, committed 22784K, reserved 1114112K
  class space    used 3105K, committed 3264K, reserved 1048576K
}
Event: 3.784 GC heap after
{Heap after GC invocations=5 (full 0):
 garbage-first heap   total reserved 5754880K, committed 57344K, used 15033K [0x00000006a0c00000, 0x0000000800000000)
  region size 4096K, 1 young (4096K), 1 survivors (4096K)
 Metaspace       used 22424K, committed 22784K, reserved 1114112K
  class space    used 3105K, committed 3264K, reserved 1048576K
}
Event: 4.512 GC heap before
{Heap before GC invocations=5 (full 0):
 garbage-first heap   total reserved 5754880K, committed 57344K, used 35513K [0x00000006a0c00000, 0x0000000800000000)
  region size 4096K, 6 young (24576K), 1 survivors (4096K)
 Metaspace       used 25005K, committed 25472K, reserved 1114112K
  class space    used 3496K, committed 3712K, reserved 1048576K
}
Event: 4.516 GC heap after
{Heap after GC invocations=6 (full 0):
 garbage-first heap   total reserved 5754880K, committed 57344K, used 16239K [0x00000006a0c00000, 0x0000000800000000)
  region size 4096K, 1 young (4096K), 1 survivors (4096K)
 Metaspace       used 25005K, committed 25472K, reserved 1114112K
  class space    used 3496K, committed 3712K, reserved 1048576K
}
Event: 5.333 GC heap before
{Heap before GC invocations=6 (full 0):
 garbage-first heap   total reserved 5754880K, committed 57344K, used 40815K [0x00000006a0c00000, 0x0000000800000000)
  region size 4096K, 7 young (28672K), 1 survivors (4096K)
 Metaspace       used 28421K, committed 28928K, reserved 1114112K
  class space    used 4074K, committed 4288K, reserved 1048576K
}

